<?xml version="1.0" encoding="UTF-8"?>
<!-- Generated by org.testng.reporters.JUnitXMLReporter -->
<testsuite ignored="0" hostname="FE64" failures="0" tests="3" name="Test" time="29.601" errors="0" timestamp="2023-09-07T11:04:20 IST">
  <testcase classname="com.autointelli.GUI.MavenGUITest.AppTest" name="shouldAnswerWithTrue" time="0.011"/>
  <testcase classname="com.autointelli.GUI.MavenGUITest.AutoGUITest" name="allPageTest" time="26.127"/>
  <testcase classname="com.autointelli.GUI.MavenGUITest.AutoGUITest" name="imgToPdf" time="3.395"/>
</testsuite> <!-- Test -->
