<?xml version="1.0" encoding="UTF-8"?>
<testng-results ignored="0" total="2" passed="2" failed="0" skipped="0">
  <reporter-output>
  </reporter-output>
  <suite started-at="2023-09-07T19:26:45 IST" name="Default suite" finished-at="2023-09-07T19:27:19 IST" duration-ms="34332">
    <groups>
    </groups>
    <test started-at="2023-09-07T19:26:45 IST" name="Default test" finished-at="2023-09-07T19:27:19 IST" duration-ms="34332">
      <class name="com.autointelli.GUI.MavenGUITest.AutoGUITest">
        <test-method signature="allPageTest()[pri:0, instance:com.autointelli.GUI.MavenGUITest.AutoGUITest@4d0d9fe7]" started-at="2023-09-07T19:26:45 IST" name="allPageTest" finished-at="2023-09-07T19:27:16 IST" duration-ms="31117" status="PASS">
          <reporter-output>
          </reporter-output>
        </test-method> <!-- allPageTest -->
        <test-method signature="imgToPdf()[pri:0, instance:com.autointelli.GUI.MavenGUITest.AutoGUITest@4d0d9fe7]" started-at="2023-09-07T19:27:16 IST" name="imgToPdf" finished-at="2023-09-07T19:27:19 IST" duration-ms="3161" status="PASS">
          <reporter-output>
          </reporter-output>
        </test-method> <!-- imgToPdf -->
      </class> <!-- com.autointelli.GUI.MavenGUITest.AutoGUITest -->
    </test> <!-- Default test -->
  </suite> <!-- Default suite -->
</testng-results>
